<?xml version="1.0" encoding="UTF-8"?>
<!-- Generated by org.testng.reporters.JUnitReportReporter -->
<testsuite hostname="niksa-PC" name="test.TestOpenCloseGoogle" tests="1" failures="0" timestamp="18 Feb 2016 12:37:50 GMT" time="13.100" errors="0">
  <testcase name="test" time="13.100" classname="test.TestOpenCloseGoogle"/>
</testsuite> <!-- test.TestOpenCloseGoogle -->
