<?xml version="1.0" encoding="UTF-8"?>
<!-- Generated by org.testng.reporters.JUnitReportReporter -->
<testsuite hostname="niksa-PC" name="test.TestOpenCloseGoogle" tests="1" failures="0" timestamp="17 Feb 2016 20:10:43 GMT" time="1.909" errors="0">
  <testcase name="test" time="1.909" classname="test.TestOpenCloseGoogle"/>
</testsuite> <!-- test.TestOpenCloseGoogle -->
