<?xml version="1.0" encoding="UTF-8"?>
<!-- Generated by org.testng.reporters.JUnitReportReporter -->
<testsuite hostname="L-009693" name="test.TestChangingLogo" tests="2" failures="0" timestamp="15 Jul 2017 21:33:07 GMT" time="24.704" errors="0">
  <testcase name="testListingPage" time="11.469" classname="test.TestChangingLogo"/>
  <testcase name="testInsidemapsListingPageLoaded" time="13.235" classname="test.TestChangingLogo"/>
</testsuite> <!-- test.TestChangingLogo -->
